<?xml version="1.0" encoding="UTF-8"?>
<Site BuildName="Win32-MSBuild"
	BuildStamp="20251118-0552-Experimental"
	Name="Lara"
	Generator="ctest-3.31.6-msvc6"
	CompilerName="C:/Program Files (x86)/Microsoft Visual Studio/2022/BuildTools/VC/Tools/MSVC/14.44.35207/bin/Hostx64/x64/cl.exe"
	CompilerVersion="19.44.35220.0"
	OSName="Windows"
	Hostname="Lara"
	OSRelease=" Personal"
	OSVersion=" (Build 26200)"
	OSPlatform="x86"
	Is64Bits="1"
	VendorString="GenuineIntel"
	VendorID="Intel Corporation"
	FamilyID="6"
	ModelID="10"
	ModelName=""
	ProcessorCacheSize="-1"
	NumberOfLogicalCPU="16"
	NumberOfPhysicalCPU="10"
	TotalVirtualMemory="20199"
	TotalPhysicalMemory="16008"
	LogicalProcessorsPerPhysical="1"
	ProcessorClockFrequency="2974"
	>
	<Testing>
		<StartDateTime>Nov 17 23:03 Pacific Standard Time</StartDateTime>
		<StartTestTime>1763449422</StartTestTime>
		<TestList/>
		<EndDateTime>Nov 17 23:03 Pacific Standard Time</EndDateTime>
		<EndTestTime>1763449422</EndTestTime>
		<ElapsedMinutes>0</ElapsedMinutes>
	</Testing>
</Site>
